<?xml version="1.0" encoding="UTF-8"?>
<!-- Generated by org.testng.reporters.JUnitReportReporter -->
<testsuite hostname="DESKTOP-NC3M71G" failures="0" tests="1" name="com.crm.jenkinsample.Class1Test" time="0.016" errors="0" timestamp="14 Apr 2022 07:34:50 GMT" skipped="0">
  <testcase classname="com.crm.jenkinsample.Class1Test" name="m1Test" time="0.016"/>
</testsuite> <!-- com.crm.jenkinsample.Class1Test -->
